<?xml version="1.0" encoding="UTF-8"?>
<testsuite xmlns:xsi="http://www.w3.org/2001/XMLSchema-instance" xsi:noNamespaceSchemaLocation="https://maven.apache.org/surefire/maven-surefire-plugin/xsd/surefire-test-report.xsd" name="com.stackroute.restaurant.ApplicationTest" time="0.011" tests="13" errors="0" skipped="0" failures="13">
  <properties>
    <property name="sun.desktop" value="gnome"/>
    <property name="awt.toolkit" value="sun.awt.X11.XToolkit"/>
    <property name="file.encoding.pkg" value="sun.io"/>
    <property name="java.specification.version" value="1.8"/>
    <property name="sun.cpu.isalist" value=""/>
    <property name="sun.jnu.encoding" value="UTF-8"/>
    <property name="java.class.path" value="/home/sushmita/spring_workspace/restaurantLevel2-mongodb/target/test-classes:/home/sushmita/spring_workspace/restaurantLevel2-mongodb/target/classes:/home/sushmita/.m2/repository/org/slf4j/slf4j-api/1.7.19/slf4j-api-1.7.19.jar:/home/sushmita/.m2/repository/org/apache/logging/log4j/log4j-slf4j-impl/2.5/log4j-slf4j-impl-2.5.jar:/home/sushmita/.m2/repository/org/apache/logging/log4j/log4j-api/2.5/log4j-api-2.5.jar:/home/sushmita/.m2/repository/org/apache/logging/log4j/log4j-core/2.5/log4j-core-2.5.jar:/home/sushmita/.m2/repository/org/apache/logging/log4j/log4j-jcl/2.5/log4j-jcl-2.5.jar:/home/sushmita/.m2/repository/commons-logging/commons-logging/1.2/commons-logging-1.2.jar:/home/sushmita/.m2/repository/io/springfox/springfox-swagger2/2.6.1/springfox-swagger2-2.6.1.jar:/home/sushmita/.m2/repository/io/swagger/swagger-annotations/1.5.10/swagger-annotations-1.5.10.jar:/home/sushmita/.m2/repository/io/swagger/swagger-models/1.5.10/swagger-models-1.5.10.jar:/home/sushmita/.m2/repository/com/fasterxml/jackson/core/jackson-annotations/2.9.0/jackson-annotations-2.9.0.jar:/home/sushmita/.m2/repository/io/springfox/springfox-spi/2.6.1/springfox-spi-2.6.1.jar:/home/sushmita/.m2/repository/io/springfox/springfox-core/2.6.1/springfox-core-2.6.1.jar:/home/sushmita/.m2/repository/io/springfox/springfox-schema/2.6.1/springfox-schema-2.6.1.jar:/home/sushmita/.m2/repository/io/springfox/springfox-swagger-common/2.6.1/springfox-swagger-common-2.6.1.jar:/home/sushmita/.m2/repository/io/springfox/springfox-spring-web/2.6.1/springfox-spring-web-2.6.1.jar:/home/sushmita/.m2/repository/com/google/guava/guava/18.0/guava-18.0.jar:/home/sushmita/.m2/repository/com/fasterxml/classmate/1.3.4/classmate-1.3.4.jar:/home/sushmita/.m2/repository/org/springframework/plugin/spring-plugin-core/1.2.0.RELEASE/spring-plugin-core-1.2.0.RELEASE.jar:/home/sushmita/.m2/repository/org/springframework/spring-beans/5.0.4.RELEASE/spring-beans-5.0.4.RELEASE.jar:/home/sushmita/.m2/repository/org/springframework/spring-context/5.0.4.RELEASE/spring-context-5.0.4.RELEASE.jar:/home/sushmita/.m2/repository/org/springframework/spring-aop/5.0.4.RELEASE/spring-aop-5.0.4.RELEASE.jar:/home/sushmita/.m2/repository/org/springframework/plugin/spring-plugin-metadata/1.2.0.RELEASE/spring-plugin-metadata-1.2.0.RELEASE.jar:/home/sushmita/.m2/repository/org/mapstruct/mapstruct/1.0.0.Final/mapstruct-1.0.0.Final.jar:/home/sushmita/.m2/repository/io/springfox/springfox-swagger-ui/2.6.1/springfox-swagger-ui-2.6.1.jar:/home/sushmita/.m2/repository/org/springframework/boot/spring-boot-starter-data-mongodb/2.0.0.RELEASE/spring-boot-starter-data-mongodb-2.0.0.RELEASE.jar:/home/sushmita/.m2/repository/org/springframework/boot/spring-boot-starter/2.0.0.RELEASE/spring-boot-starter-2.0.0.RELEASE.jar:/home/sushmita/.m2/repository/org/springframework/boot/spring-boot-starter-logging/2.0.0.RELEASE/spring-boot-starter-logging-2.0.0.RELEASE.jar:/home/sushmita/.m2/repository/ch/qos/logback/logback-classic/1.2.3/logback-classic-1.2.3.jar:/home/sushmita/.m2/repository/ch/qos/logback/logback-core/1.2.3/logback-core-1.2.3.jar:/home/sushmita/.m2/repository/org/apache/logging/log4j/log4j-to-slf4j/2.10.0/log4j-to-slf4j-2.10.0.jar:/home/sushmita/.m2/repository/org/slf4j/jul-to-slf4j/1.7.25/jul-to-slf4j-1.7.25.jar:/home/sushmita/.m2/repository/javax/annotation/javax.annotation-api/1.3.2/javax.annotation-api-1.3.2.jar:/home/sushmita/.m2/repository/org/yaml/snakeyaml/1.19/snakeyaml-1.19.jar:/home/sushmita/.m2/repository/org/mongodb/mongodb-driver/3.6.3/mongodb-driver-3.6.3.jar:/home/sushmita/.m2/repository/org/mongodb/bson/3.6.3/bson-3.6.3.jar:/home/sushmita/.m2/repository/org/mongodb/mongodb-driver-core/3.6.3/mongodb-driver-core-3.6.3.jar:/home/sushmita/.m2/repository/org/springframework/data/spring-data-mongodb/2.0.5.RELEASE/spring-data-mongodb-2.0.5.RELEASE.jar:/home/sushmita/.m2/repository/org/springframework/spring-tx/5.0.4.RELEASE/spring-tx-5.0.4.RELEASE.jar:/home/sushmita/.m2/repository/org/springframework/spring-expression/5.0.4.RELEASE/spring-expression-5.0.4.RELEASE.jar:/home/sushmita/.m2/repository/org/springframework/data/spring-data-commons/2.0.5.RELEASE/spring-data-commons-2.0.5.RELEASE.jar:/home/sushmita/.m2/repository/org/springframework/boot/spring-boot-starter-web/2.0.0.RELEASE/spring-boot-starter-web-2.0.0.RELEASE.jar:/home/sushmita/.m2/repository/org/springframework/boot/spring-boot-starter-json/2.0.0.RELEASE/spring-boot-starter-json-2.0.0.RELEASE.jar:/home/sushmita/.m2/repository/com/fasterxml/jackson/core/jackson-databind/2.9.4/jackson-databind-2.9.4.jar:/home/sushmita/.m2/repository/com/fasterxml/jackson/core/jackson-core/2.9.4/jackson-core-2.9.4.jar:/home/sushmita/.m2/repository/com/fasterxml/jackson/datatype/jackson-datatype-jdk8/2.9.4/jackson-datatype-jdk8-2.9.4.jar:/home/sushmita/.m2/repository/com/fasterxml/jackson/datatype/jackson-datatype-jsr310/2.9.4/jackson-datatype-jsr310-2.9.4.jar:/home/sushmita/.m2/repository/com/fasterxml/jackson/module/jackson-module-parameter-names/2.9.4/jackson-module-parameter-names-2.9.4.jar:/home/sushmita/.m2/repository/org/springframework/boot/spring-boot-starter-tomcat/2.0.0.RELEASE/spring-boot-starter-tomcat-2.0.0.RELEASE.jar:/home/sushmita/.m2/repository/org/apache/tomcat/embed/tomcat-embed-core/8.5.28/tomcat-embed-core-8.5.28.jar:/home/sushmita/.m2/repository/org/apache/tomcat/embed/tomcat-embed-el/8.5.28/tomcat-embed-el-8.5.28.jar:/home/sushmita/.m2/repository/org/apache/tomcat/embed/tomcat-embed-websocket/8.5.28/tomcat-embed-websocket-8.5.28.jar:/home/sushmita/.m2/repository/org/hibernate/validator/hibernate-validator/6.0.7.Final/hibernate-validator-6.0.7.Final.jar:/home/sushmita/.m2/repository/javax/validation/validation-api/2.0.1.Final/validation-api-2.0.1.Final.jar:/home/sushmita/.m2/repository/org/jboss/logging/jboss-logging/3.3.2.Final/jboss-logging-3.3.2.Final.jar:/home/sushmita/.m2/repository/org/springframework/spring-web/5.0.4.RELEASE/spring-web-5.0.4.RELEASE.jar:/home/sushmita/.m2/repository/org/springframework/spring-webmvc/5.0.4.RELEASE/spring-webmvc-5.0.4.RELEASE.jar:/home/sushmita/.m2/repository/org/springframework/boot/spring-boot-devtools/2.0.0.RELEASE/spring-boot-devtools-2.0.0.RELEASE.jar:/home/sushmita/.m2/repository/org/springframework/boot/spring-boot/2.0.0.RELEASE/spring-boot-2.0.0.RELEASE.jar:/home/sushmita/.m2/repository/org/springframework/boot/spring-boot-autoconfigure/2.0.0.RELEASE/spring-boot-autoconfigure-2.0.0.RELEASE.jar:/home/sushmita/.m2/repository/org/springframework/boot/spring-boot-starter-test/2.0.0.RELEASE/spring-boot-starter-test-2.0.0.RELEASE.jar:/home/sushmita/.m2/repository/org/springframework/boot/spring-boot-test/2.0.0.RELEASE/spring-boot-test-2.0.0.RELEASE.jar:/home/sushmita/.m2/repository/org/springframework/boot/spring-boot-test-autoconfigure/2.0.0.RELEASE/spring-boot-test-autoconfigure-2.0.0.RELEASE.jar:/home/sushmita/.m2/repository/com/jayway/jsonpath/json-path/2.4.0/json-path-2.4.0.jar:/home/sushmita/.m2/repository/net/minidev/json-smart/2.3/json-smart-2.3.jar:/home/sushmita/.m2/repository/net/minidev/accessors-smart/1.2/accessors-smart-1.2.jar:/home/sushmita/.m2/repository/org/ow2/asm/asm/5.0.4/asm-5.0.4.jar:/home/sushmita/.m2/repository/junit/junit/4.12/junit-4.12.jar:/home/sushmita/.m2/repository/org/assertj/assertj-core/3.9.1/assertj-core-3.9.1.jar:/home/sushmita/.m2/repository/org/mockito/mockito-core/2.15.0/mockito-core-2.15.0.jar:/home/sushmita/.m2/repository/net/bytebuddy/byte-buddy/1.7.10/byte-buddy-1.7.10.jar:/home/sushmita/.m2/repository/net/bytebuddy/byte-buddy-agent/1.7.10/byte-buddy-agent-1.7.10.jar:/home/sushmita/.m2/repository/org/objenesis/objenesis/2.6/objenesis-2.6.jar:/home/sushmita/.m2/repository/org/hamcrest/hamcrest-core/1.3/hamcrest-core-1.3.jar:/home/sushmita/.m2/repository/org/hamcrest/hamcrest-library/1.3/hamcrest-library-1.3.jar:/home/sushmita/.m2/repository/org/skyscreamer/jsonassert/1.5.0/jsonassert-1.5.0.jar:/home/sushmita/.m2/repository/com/vaadin/external/google/android-json/0.0.20131108.vaadin1/android-json-0.0.20131108.vaadin1.jar:/home/sushmita/.m2/repository/org/springframework/spring-core/5.0.4.RELEASE/spring-core-5.0.4.RELEASE.jar:/home/sushmita/.m2/repository/org/springframework/spring-jcl/5.0.4.RELEASE/spring-jcl-5.0.4.RELEASE.jar:/home/sushmita/.m2/repository/org/springframework/spring-test/5.0.4.RELEASE/spring-test-5.0.4.RELEASE.jar:/home/sushmita/.m2/repository/org/xmlunit/xmlunit-core/2.5.1/xmlunit-core-2.5.1.jar:"/>
    <property name="java.vm.vendor" value="Oracle Corporation"/>
    <property name="sun.arch.data.model" value="64"/>
    <property name="java.vendor.url" value="http://java.oracle.com/"/>
    <property name="user.timezone" value=""/>
    <property name="java.vm.specification.version" value="1.8"/>
    <property name="os.name" value="Linux"/>
    <property name="user.country" value="IN"/>
    <property name="sun.java.launcher" value="SUN_STANDARD"/>
    <property name="sun.boot.library.path" value="/usr/lib/jvm/java-8-oracle/jre/lib/amd64"/>
    <property name="sun.java.command" value="/home/sushmita/spring_workspace/restaurantLevel2-mongodb/target/surefire/surefirebooter4140570230297289572.jar /home/sushmita/spring_workspace/restaurantLevel2-mongodb/target/surefire 2018-04-05T14-08-31_791-jvmRun1 surefire4533898452674686117tmp surefire_06443845406394743052tmp"/>
    <property name="surefire.test.class.path" value="/home/sushmita/spring_workspace/restaurantLevel2-mongodb/target/test-classes:/home/sushmita/spring_workspace/restaurantLevel2-mongodb/target/classes:/home/sushmita/.m2/repository/org/slf4j/slf4j-api/1.7.19/slf4j-api-1.7.19.jar:/home/sushmita/.m2/repository/org/apache/logging/log4j/log4j-slf4j-impl/2.5/log4j-slf4j-impl-2.5.jar:/home/sushmita/.m2/repository/org/apache/logging/log4j/log4j-api/2.5/log4j-api-2.5.jar:/home/sushmita/.m2/repository/org/apache/logging/log4j/log4j-core/2.5/log4j-core-2.5.jar:/home/sushmita/.m2/repository/org/apache/logging/log4j/log4j-jcl/2.5/log4j-jcl-2.5.jar:/home/sushmita/.m2/repository/commons-logging/commons-logging/1.2/commons-logging-1.2.jar:/home/sushmita/.m2/repository/io/springfox/springfox-swagger2/2.6.1/springfox-swagger2-2.6.1.jar:/home/sushmita/.m2/repository/io/swagger/swagger-annotations/1.5.10/swagger-annotations-1.5.10.jar:/home/sushmita/.m2/repository/io/swagger/swagger-models/1.5.10/swagger-models-1.5.10.jar:/home/sushmita/.m2/repository/com/fasterxml/jackson/core/jackson-annotations/2.9.0/jackson-annotations-2.9.0.jar:/home/sushmita/.m2/repository/io/springfox/springfox-spi/2.6.1/springfox-spi-2.6.1.jar:/home/sushmita/.m2/repository/io/springfox/springfox-core/2.6.1/springfox-core-2.6.1.jar:/home/sushmita/.m2/repository/io/springfox/springfox-schema/2.6.1/springfox-schema-2.6.1.jar:/home/sushmita/.m2/repository/io/springfox/springfox-swagger-common/2.6.1/springfox-swagger-common-2.6.1.jar:/home/sushmita/.m2/repository/io/springfox/springfox-spring-web/2.6.1/springfox-spring-web-2.6.1.jar:/home/sushmita/.m2/repository/com/google/guava/guava/18.0/guava-18.0.jar:/home/sushmita/.m2/repository/com/fasterxml/classmate/1.3.4/classmate-1.3.4.jar:/home/sushmita/.m2/repository/org/springframework/plugin/spring-plugin-core/1.2.0.RELEASE/spring-plugin-core-1.2.0.RELEASE.jar:/home/sushmita/.m2/repository/org/springframework/spring-beans/5.0.4.RELEASE/spring-beans-5.0.4.RELEASE.jar:/home/sushmita/.m2/repository/org/springframework/spring-context/5.0.4.RELEASE/spring-context-5.0.4.RELEASE.jar:/home/sushmita/.m2/repository/org/springframework/spring-aop/5.0.4.RELEASE/spring-aop-5.0.4.RELEASE.jar:/home/sushmita/.m2/repository/org/springframework/plugin/spring-plugin-metadata/1.2.0.RELEASE/spring-plugin-metadata-1.2.0.RELEASE.jar:/home/sushmita/.m2/repository/org/mapstruct/mapstruct/1.0.0.Final/mapstruct-1.0.0.Final.jar:/home/sushmita/.m2/repository/io/springfox/springfox-swagger-ui/2.6.1/springfox-swagger-ui-2.6.1.jar:/home/sushmita/.m2/repository/org/springframework/boot/spring-boot-starter-data-mongodb/2.0.0.RELEASE/spring-boot-starter-data-mongodb-2.0.0.RELEASE.jar:/home/sushmita/.m2/repository/org/springframework/boot/spring-boot-starter/2.0.0.RELEASE/spring-boot-starter-2.0.0.RELEASE.jar:/home/sushmita/.m2/repository/org/springframework/boot/spring-boot-starter-logging/2.0.0.RELEASE/spring-boot-starter-logging-2.0.0.RELEASE.jar:/home/sushmita/.m2/repository/ch/qos/logback/logback-classic/1.2.3/logback-classic-1.2.3.jar:/home/sushmita/.m2/repository/ch/qos/logback/logback-core/1.2.3/logback-core-1.2.3.jar:/home/sushmita/.m2/repository/org/apache/logging/log4j/log4j-to-slf4j/2.10.0/log4j-to-slf4j-2.10.0.jar:/home/sushmita/.m2/repository/org/slf4j/jul-to-slf4j/1.7.25/jul-to-slf4j-1.7.25.jar:/home/sushmita/.m2/repository/javax/annotation/javax.annotation-api/1.3.2/javax.annotation-api-1.3.2.jar:/home/sushmita/.m2/repository/org/yaml/snakeyaml/1.19/snakeyaml-1.19.jar:/home/sushmita/.m2/repository/org/mongodb/mongodb-driver/3.6.3/mongodb-driver-3.6.3.jar:/home/sushmita/.m2/repository/org/mongodb/bson/3.6.3/bson-3.6.3.jar:/home/sushmita/.m2/repository/org/mongodb/mongodb-driver-core/3.6.3/mongodb-driver-core-3.6.3.jar:/home/sushmita/.m2/repository/org/springframework/data/spring-data-mongodb/2.0.5.RELEASE/spring-data-mongodb-2.0.5.RELEASE.jar:/home/sushmita/.m2/repository/org/springframework/spring-tx/5.0.4.RELEASE/spring-tx-5.0.4.RELEASE.jar:/home/sushmita/.m2/repository/org/springframework/spring-expression/5.0.4.RELEASE/spring-expression-5.0.4.RELEASE.jar:/home/sushmita/.m2/repository/org/springframework/data/spring-data-commons/2.0.5.RELEASE/spring-data-commons-2.0.5.RELEASE.jar:/home/sushmita/.m2/repository/org/springframework/boot/spring-boot-starter-web/2.0.0.RELEASE/spring-boot-starter-web-2.0.0.RELEASE.jar:/home/sushmita/.m2/repository/org/springframework/boot/spring-boot-starter-json/2.0.0.RELEASE/spring-boot-starter-json-2.0.0.RELEASE.jar:/home/sushmita/.m2/repository/com/fasterxml/jackson/core/jackson-databind/2.9.4/jackson-databind-2.9.4.jar:/home/sushmita/.m2/repository/com/fasterxml/jackson/core/jackson-core/2.9.4/jackson-core-2.9.4.jar:/home/sushmita/.m2/repository/com/fasterxml/jackson/datatype/jackson-datatype-jdk8/2.9.4/jackson-datatype-jdk8-2.9.4.jar:/home/sushmita/.m2/repository/com/fasterxml/jackson/datatype/jackson-datatype-jsr310/2.9.4/jackson-datatype-jsr310-2.9.4.jar:/home/sushmita/.m2/repository/com/fasterxml/jackson/module/jackson-module-parameter-names/2.9.4/jackson-module-parameter-names-2.9.4.jar:/home/sushmita/.m2/repository/org/springframework/boot/spring-boot-starter-tomcat/2.0.0.RELEASE/spring-boot-starter-tomcat-2.0.0.RELEASE.jar:/home/sushmita/.m2/repository/org/apache/tomcat/embed/tomcat-embed-core/8.5.28/tomcat-embed-core-8.5.28.jar:/home/sushmita/.m2/repository/org/apache/tomcat/embed/tomcat-embed-el/8.5.28/tomcat-embed-el-8.5.28.jar:/home/sushmita/.m2/repository/org/apache/tomcat/embed/tomcat-embed-websocket/8.5.28/tomcat-embed-websocket-8.5.28.jar:/home/sushmita/.m2/repository/org/hibernate/validator/hibernate-validator/6.0.7.Final/hibernate-validator-6.0.7.Final.jar:/home/sushmita/.m2/repository/javax/validation/validation-api/2.0.1.Final/validation-api-2.0.1.Final.jar:/home/sushmita/.m2/repository/org/jboss/logging/jboss-logging/3.3.2.Final/jboss-logging-3.3.2.Final.jar:/home/sushmita/.m2/repository/org/springframework/spring-web/5.0.4.RELEASE/spring-web-5.0.4.RELEASE.jar:/home/sushmita/.m2/repository/org/springframework/spring-webmvc/5.0.4.RELEASE/spring-webmvc-5.0.4.RELEASE.jar:/home/sushmita/.m2/repository/org/springframework/boot/spring-boot-devtools/2.0.0.RELEASE/spring-boot-devtools-2.0.0.RELEASE.jar:/home/sushmita/.m2/repository/org/springframework/boot/spring-boot/2.0.0.RELEASE/spring-boot-2.0.0.RELEASE.jar:/home/sushmita/.m2/repository/org/springframework/boot/spring-boot-autoconfigure/2.0.0.RELEASE/spring-boot-autoconfigure-2.0.0.RELEASE.jar:/home/sushmita/.m2/repository/org/springframework/boot/spring-boot-starter-test/2.0.0.RELEASE/spring-boot-starter-test-2.0.0.RELEASE.jar:/home/sushmita/.m2/repository/org/springframework/boot/spring-boot-test/2.0.0.RELEASE/spring-boot-test-2.0.0.RELEASE.jar:/home/sushmita/.m2/repository/org/springframework/boot/spring-boot-test-autoconfigure/2.0.0.RELEASE/spring-boot-test-autoconfigure-2.0.0.RELEASE.jar:/home/sushmita/.m2/repository/com/jayway/jsonpath/json-path/2.4.0/json-path-2.4.0.jar:/home/sushmita/.m2/repository/net/minidev/json-smart/2.3/json-smart-2.3.jar:/home/sushmita/.m2/repository/net/minidev/accessors-smart/1.2/accessors-smart-1.2.jar:/home/sushmita/.m2/repository/org/ow2/asm/asm/5.0.4/asm-5.0.4.jar:/home/sushmita/.m2/repository/junit/junit/4.12/junit-4.12.jar:/home/sushmita/.m2/repository/org/assertj/assertj-core/3.9.1/assertj-core-3.9.1.jar:/home/sushmita/.m2/repository/org/mockito/mockito-core/2.15.0/mockito-core-2.15.0.jar:/home/sushmita/.m2/repository/net/bytebuddy/byte-buddy/1.7.10/byte-buddy-1.7.10.jar:/home/sushmita/.m2/repository/net/bytebuddy/byte-buddy-agent/1.7.10/byte-buddy-agent-1.7.10.jar:/home/sushmita/.m2/repository/org/objenesis/objenesis/2.6/objenesis-2.6.jar:/home/sushmita/.m2/repository/org/hamcrest/hamcrest-core/1.3/hamcrest-core-1.3.jar:/home/sushmita/.m2/repository/org/hamcrest/hamcrest-library/1.3/hamcrest-library-1.3.jar:/home/sushmita/.m2/repository/org/skyscreamer/jsonassert/1.5.0/jsonassert-1.5.0.jar:/home/sushmita/.m2/repository/com/vaadin/external/google/android-json/0.0.20131108.vaadin1/android-json-0.0.20131108.vaadin1.jar:/home/sushmita/.m2/repository/org/springframework/spring-core/5.0.4.RELEASE/spring-core-5.0.4.RELEASE.jar:/home/sushmita/.m2/repository/org/springframework/spring-jcl/5.0.4.RELEASE/spring-jcl-5.0.4.RELEASE.jar:/home/sushmita/.m2/repository/org/springframework/spring-test/5.0.4.RELEASE/spring-test-5.0.4.RELEASE.jar:/home/sushmita/.m2/repository/org/xmlunit/xmlunit-core/2.5.1/xmlunit-core-2.5.1.jar:"/>
    <property name="sun.cpu.endian" value="little"/>
    <property name="user.home" value="/home/sushmita"/>
    <property name="user.language" value="en"/>
    <property name="java.specification.vendor" value="Oracle Corporation"/>
    <property name="java.home" value="/usr/lib/jvm/java-8-oracle/jre"/>
    <property name="basedir" value="/home/sushmita/spring_workspace/restaurantLevel2-mongodb"/>
    <property name="file.separator" value="/"/>
    <property name="line.separator" value="&#10;"/>
    <property name="java.vm.specification.vendor" value="Oracle Corporation"/>
    <property name="java.specification.name" value="Java Platform API Specification"/>
    <property name="java.awt.graphicsenv" value="sun.awt.X11GraphicsEnvironment"/>
    <property name="surefire.real.class.path" value="/home/sushmita/spring_workspace/restaurantLevel2-mongodb/target/surefire/surefirebooter4140570230297289572.jar"/>
    <property name="sun.boot.class.path" value="/usr/lib/jvm/java-8-oracle/jre/lib/resources.jar:/usr/lib/jvm/java-8-oracle/jre/lib/rt.jar:/usr/lib/jvm/java-8-oracle/jre/lib/sunrsasign.jar:/usr/lib/jvm/java-8-oracle/jre/lib/jsse.jar:/usr/lib/jvm/java-8-oracle/jre/lib/jce.jar:/usr/lib/jvm/java-8-oracle/jre/lib/charsets.jar:/usr/lib/jvm/java-8-oracle/jre/lib/jfr.jar:/usr/lib/jvm/java-8-oracle/jre/classes"/>
    <property name="sun.management.compiler" value="HotSpot 64-Bit Tiered Compilers"/>
    <property name="java.runtime.version" value="1.8.0_161-b12"/>
    <property name="user.name" value="sushmita"/>
    <property name="path.separator" value=":"/>
    <property name="os.version" value="4.10.0-28-generic"/>
    <property name="java.endorsed.dirs" value="/usr/lib/jvm/java-8-oracle/jre/lib/endorsed"/>
    <property name="java.runtime.name" value="Java(TM) SE Runtime Environment"/>
    <property name="file.encoding" value="UTF-8"/>
    <property name="java.vm.name" value="Java HotSpot(TM) 64-Bit Server VM"/>
    <property name="localRepository" value="/home/sushmita/.m2/repository"/>
    <property name="java.vendor.url.bug" value="http://bugreport.sun.com/bugreport/"/>
    <property name="java.io.tmpdir" value="/tmp"/>
    <property name="java.version" value="1.8.0_161"/>
    <property name="user.dir" value="/home/sushmita/spring_workspace/restaurantLevel2-mongodb"/>
    <property name="os.arch" value="amd64"/>
    <property name="java.vm.specification.name" value="Java Virtual Machine Specification"/>
    <property name="java.awt.printerjob" value="sun.print.PSPrinterJob"/>
    <property name="sun.os.patch.level" value="unknown"/>
    <property name="java.library.path" value="/usr/java/packages/lib/amd64:/usr/lib64:/lib64:/lib:/usr/lib"/>
    <property name="java.vm.info" value="mixed mode"/>
    <property name="java.vendor" value="Oracle Corporation"/>
    <property name="java.vm.version" value="25.161-b12"/>
    <property name="java.ext.dirs" value="/usr/lib/jvm/java-8-oracle/jre/lib/ext:/usr/java/packages/lib/ext"/>
    <property name="sun.io.unicode.encoding" value="UnicodeLittle"/>
    <property name="java.class.version" value="52.0"/>
  </properties>
  <testcase name="testNotifyAll" classname="com.stackroute.restaurant.ApplicationTest" time="0.001">
    <failure message="Not yet implemented" type="java.lang.AssertionError">java.lang.AssertionError: Not yet implemented
	at com.stackroute.restaurant.ApplicationTest.testNotifyAll(ApplicationTest.java:51)
</failure>
  </testcase>
  <testcase name="testGetClass" classname="com.stackroute.restaurant.ApplicationTest" time="0">
    <failure message="Not yet implemented" type="java.lang.AssertionError">java.lang.AssertionError: Not yet implemented
	at com.stackroute.restaurant.ApplicationTest.testGetClass(ApplicationTest.java:21)
</failure>
  </testcase>
  <testcase name="testClone" classname="com.stackroute.restaurant.ApplicationTest" time="0.001">
    <failure message="Not yet implemented" type="java.lang.AssertionError">java.lang.AssertionError: Not yet implemented
	at com.stackroute.restaurant.ApplicationTest.testClone(ApplicationTest.java:36)
</failure>
  </testcase>
  <testcase name="testMain" classname="com.stackroute.restaurant.ApplicationTest" time="0">
    <failure message="Not yet implemented" type="java.lang.AssertionError">java.lang.AssertionError: Not yet implemented
	at com.stackroute.restaurant.ApplicationTest.testMain(ApplicationTest.java:11)
</failure>
  </testcase>
  <testcase name="testWait" classname="com.stackroute.restaurant.ApplicationTest" time="0.001">
    <failure message="Not yet implemented" type="java.lang.AssertionError">java.lang.AssertionError: Not yet implemented
	at com.stackroute.restaurant.ApplicationTest.testWait(ApplicationTest.java:66)
</failure>
  </testcase>
  <testcase name="testToString" classname="com.stackroute.restaurant.ApplicationTest" time="0">
    <failure message="Not yet implemented" type="java.lang.AssertionError">java.lang.AssertionError: Not yet implemented
	at com.stackroute.restaurant.ApplicationTest.testToString(ApplicationTest.java:41)
</failure>
  </testcase>
  <testcase name="testWaitLongInt" classname="com.stackroute.restaurant.ApplicationTest" time="0.001">
    <failure message="Not yet implemented" type="java.lang.AssertionError">java.lang.AssertionError: Not yet implemented
	at com.stackroute.restaurant.ApplicationTest.testWaitLongInt(ApplicationTest.java:61)
</failure>
  </testcase>
  <testcase name="testFinalize" classname="com.stackroute.restaurant.ApplicationTest" time="0">
    <failure message="Not yet implemented" type="java.lang.AssertionError">java.lang.AssertionError: Not yet implemented
	at com.stackroute.restaurant.ApplicationTest.testFinalize(ApplicationTest.java:71)
</failure>
  </testcase>
  <testcase name="testHashCode" classname="com.stackroute.restaurant.ApplicationTest" time="0.001">
    <failure message="Not yet implemented" type="java.lang.AssertionError">java.lang.AssertionError: Not yet implemented
	at com.stackroute.restaurant.ApplicationTest.testHashCode(ApplicationTest.java:26)
</failure>
  </testcase>
  <testcase name="testWaitLong" classname="com.stackroute.restaurant.ApplicationTest" time="0">
    <failure message="Not yet implemented" type="java.lang.AssertionError">java.lang.AssertionError: Not yet implemented
	at com.stackroute.restaurant.ApplicationTest.testWaitLong(ApplicationTest.java:56)
</failure>
  </testcase>
  <testcase name="testEquals" classname="com.stackroute.restaurant.ApplicationTest" time="0.001">
    <failure message="Not yet implemented" type="java.lang.AssertionError">java.lang.AssertionError: Not yet implemented
	at com.stackroute.restaurant.ApplicationTest.testEquals(ApplicationTest.java:31)
</failure>
  </testcase>
  <testcase name="testNotify" classname="com.stackroute.restaurant.ApplicationTest" time="0">
    <failure message="Not yet implemented" type="java.lang.AssertionError">java.lang.AssertionError: Not yet implemented
	at com.stackroute.restaurant.ApplicationTest.testNotify(ApplicationTest.java:46)
</failure>
  </testcase>
  <testcase name="testObject" classname="com.stackroute.restaurant.ApplicationTest" time="0">
    <failure message="Not yet implemented" type="java.lang.AssertionError">java.lang.AssertionError: Not yet implemented
	at com.stackroute.restaurant.ApplicationTest.testObject(ApplicationTest.java:16)
</failure>
  </testcase>
</testsuite>